Using pre-set license
Built from '2020.3/staging' branch; Version is '2020.3.22f1 (e1a7f79fd887) revision 14788599'; Using compiler version '192528614'; Build Type 'Release'
OS: 'Windows 10 Pro; OS build 19042.1348; Version 2009; 64bit' Language: 'de' Physical Memory: 16318 MB
BatchMode: 1, IsHumanControllingUs: 0, StartBugReporterOnCrash: 0, Is64bit: 1, IsPro: 0

COMMAND LINE ARGUMENTS:
C:\Program Files\Unity\Hub\Editor\2020.3.22f1\Editor\Unity.exe
-adb2
-batchMode
-noUpm
-name
AssetImportWorker0
-projectPath
D:/Programmierung/Unity/Junior Programmer Course/Create with Code/UnityProgrammingTheoryRepo/Programming Theory Project
-logFile
Logs/AssetImportWorker0.log
-srvPort
53448
Successfully changed project path to: D:/Programmierung/Unity/Junior Programmer Course/Create with Code/UnityProgrammingTheoryRepo/Programming Theory Project
D:/Programmierung/Unity/Junior Programmer Course/Create with Code/UnityProgrammingTheoryRepo/Programming Theory Project
Using Asset Import Pipeline V2.
Refreshing native plugins compatible for Editor in 48.34 ms, found 3 plugins.
Preloading 0 native plugins for Editor in 0.00 ms.
Initialize engine version: 2020.3.22f1 (e1a7f79fd887)
[Subsystems] Discovering subsystems at path C:/Program Files/Unity/Hub/Editor/2020.3.22f1/Editor/Data/Resources/UnitySubsystems
[Subsystems] Discovering subsystems at path D:/Programmierung/Unity/Junior Programmer Course/Create with Code/UnityProgrammingTheoryRepo/Programming Theory Project/Assets
GfxDevice: creating device client; threaded=0
Direct3D:
    Version:  Direct3D 11.0 [level 11.1]
    Renderer: NVIDIA GeForce RTX 2080 SUPER (ID=0x1e81)
    Vendor:   
    VRAM:     8010 MB
    Driver:   27.21.14.6627
Initialize mono
Mono path[0] = 'C:/Program Files/Unity/Hub/Editor/2020.3.22f1/Editor/Data/Managed'
Mono path[1] = 'C:/Program Files/Unity/Hub/Editor/2020.3.22f1/Editor/Data/MonoBleedingEdge/lib/mono/unityjit'
Mono config path = 'C:/Program Files/Unity/Hub/Editor/2020.3.22f1/Editor/Data/MonoBleedingEdge/etc'
Using monoOptions --debugger-agent=transport=dt_socket,embedding=1,server=y,suspend=n,address=127.0.0.1:56108
Begin MonoManager ReloadAssembly
Registering precompiled unity dll's ...
Register platform support module: C:/Program Files/Unity/Hub/Editor/2020.3.22f1/Editor/Data/PlaybackEngines/WebGLSupport/UnityEditor.WebGL.Extensions.dll
Register platform support module: C:/Program Files/Unity/Hub/Editor/2020.3.22f1/Editor/Data/PlaybackEngines/WindowsStandaloneSupport/UnityEditor.WindowsStandalone.Extensions.dll
Registered in 0.001677 seconds.
Native extension for WindowsStandalone target not found
Native extension for WebGL target not found
Refreshing native plugins compatible for Editor in 45.43 ms, found 3 plugins.
Preloading 0 native plugins for Editor in 0.00 ms.
Mono: successfully reloaded assembly
- Completed reload, in  1.548 seconds
Domain Reload Profiling:
	ReloadAssembly (1548ms)
		BeginReloadAssembly (45ms)
			ExecutionOrderSort (0ms)
			DisableScriptedObjects (0ms)
			BackupInstance (0ms)
			ReleaseScriptingObjects (0ms)
			CreateAndSetChildDomain (1ms)
		EndReloadAssembly (381ms)
			LoadAssemblies (44ms)
			RebuildTransferFunctionScriptingTraits (0ms)
			SetupTypeCache (125ms)
			ReleaseScriptCaches (0ms)
			RebuildScriptCaches (25ms)
			SetupLoadedEditorAssemblies (154ms)
				LogAssemblyErrors (0ms)
				InitializePlatformSupportModulesInManaged (4ms)
				SetLoadedEditorAssemblies (0ms)
				RefreshPlugins (45ms)
				BeforeProcessingInitializeOnLoad (14ms)
				ProcessInitializeOnLoadAttributes (66ms)
				ProcessInitializeOnLoadMethodAttributes (24ms)
				AfterProcessingInitializeOnLoad (0ms)
				EditorAssembliesLoaded (0ms)
			ExecutionOrderSort2 (0ms)
			AwakeInstancesAfterBackupRestoration (0ms)
Platform modules already initialized, skipping
Registering precompiled user dll's ...
Registered in 0.002370 seconds.
Begin MonoManager ReloadAssembly
Native extension for WindowsStandalone target not found
Native extension for WebGL target not found
Refreshing native plugins compatible for Editor in 45.51 ms, found 3 plugins.
Preloading 0 native plugins for Editor in 0.00 ms.
Mono: successfully reloaded assembly
- Completed reload, in  0.938 seconds
Domain Reload Profiling:
	ReloadAssembly (938ms)
		BeginReloadAssembly (118ms)
			ExecutionOrderSort (0ms)
			DisableScriptedObjects (4ms)
			BackupInstance (0ms)
			ReleaseScriptingObjects (0ms)
			CreateAndSetChildDomain (15ms)
		EndReloadAssembly (773ms)
			LoadAssemblies (75ms)
			RebuildTransferFunctionScriptingTraits (0ms)
			SetupTypeCache (268ms)
			ReleaseScriptCaches (0ms)
			RebuildScriptCaches (37ms)
			SetupLoadedEditorAssemblies (294ms)
				LogAssemblyErrors (0ms)
				InitializePlatformSupportModulesInManaged (4ms)
				SetLoadedEditorAssemblies (0ms)
				RefreshPlugins (46ms)
				BeforeProcessingInitializeOnLoad (63ms)
				ProcessInitializeOnLoadAttributes (163ms)
				ProcessInitializeOnLoadMethodAttributes (14ms)
				AfterProcessingInitializeOnLoad (5ms)
				EditorAssembliesLoaded (0ms)
			ExecutionOrderSort2 (0ms)
			AwakeInstancesAfterBackupRestoration (5ms)
Platform modules already initialized, skipping
========================================================================
Worker process is ready to serve import requests
Launched and connected shader compiler UnityShaderCompiler.exe after 0.04 seconds
Refreshing native plugins compatible for Editor in 0.54 ms, found 3 plugins.
Preloading 0 native plugins for Editor in 0.00 ms.
Unloading 2189 Unused Serialized files (Serialized files now loaded: 0)
System memory in use before: 99.1 MB.
System memory in use after: 99.2 MB.

Unloading 28 unused Assets to reduce memory usage. Loaded Objects now: 2623.
Total: 3.112200 ms (FindLiveObjects: 0.162600 ms CreateObjectMapping: 0.069900 ms MarkObjects: 2.817400 ms  DeleteObjects: 0.061200 ms)

AssetImportParameters requested are different than current active one (requested -> active):
  custom:framework-win-MediaFoundation: 216162199b28c13a410421893ffa2e32 -> 
  custom:video-decoder-ogg-theora: a1e56fd34408186e4bbccfd4996cb3dc -> 
  custom:container-muxer-webm: aa71ff27fc2769a1b78a27578f13a17b -> 
  custom:container-demuxer-webm: 4f35f7cbe854078d1ac9338744f61a02 -> 
  custom:container-demuxer-ogg: 62fdf1f143b41e24485cea50d1cbac27 -> 
  custom:video-encoder-webm-vp8: eb34c28f22e8b96e1ab97ce403110664 -> 
  custom:video-codec-MediaFoundation-h265: 746d11721c4dcdbdad8f713fa42b33f4 -> 
  custom:video-decoder-webm-vp8: 9c59270c3fd7afecdb556c50c9e8de78 -> 
  custom:audio-decoder-ogg-vorbis: bf7c407c2cedff20999df2af8eb42d56 -> 
  custom:audio-encoder-webm-vorbis: bf7c407c2cedff20999df2af8eb42d56 -> 
========================================================================
Received Import Request.
  path: Assets/Prefabs/Enemies/Mace.prefab
  artifactKey: Guid(47e954845e24fe24a9a8675ca1ba1441) Importer(815301076,1909f56bfc062723c751e8b465ee728b)
Start importing Assets/Prefabs/Enemies/Mace.prefab using Guid(47e954845e24fe24a9a8675ca1ba1441) Importer(815301076,1909f56bfc062723c751e8b465ee728b)  -> (artifact id: 'fedcfca586fe3448dd1e97a2b616bff4') in 0.078880 seconds 
  Import took 0.081857 seconds .

========================================================================
Received Import Request.
  Time since last request: 0.000276 seconds.
  path: Assets/BayatGames/Free Platform Game Assets/Backgrounds/Background
  artifactKey: Guid(d1812e76ef309974dab10fcb8a0593ca) Importer(815301076,1909f56bfc062723c751e8b465ee728b)
Start importing Assets/BayatGames/Free Platform Game Assets/Backgrounds/Background using Guid(d1812e76ef309974dab10fcb8a0593ca) Importer(815301076,1909f56bfc062723c751e8b465ee728b)  -> (artifact id: '7be823cc23b893393bfd8020a685d94f') in 0.001032 seconds 
  Import took 0.009166 seconds .

========================================================================
Received Import Request.
  Time since last request: 0.138840 seconds.
  path: Assets/BayatGames/Free Platform Game Assets/Backgrounds/New Background ( Update 1.7 )
  artifactKey: Guid(fdbe724adcb54054a8af872ee1354f1a) Importer(815301076,1909f56bfc062723c751e8b465ee728b)
Start importing Assets/BayatGames/Free Platform Game Assets/Backgrounds/New Background ( Update 1.7 ) using Guid(fdbe724adcb54054a8af872ee1354f1a) Importer(815301076,1909f56bfc062723c751e8b465ee728b)  -> (artifact id: 'df29ffbac4dc33944cd5e0e4598a37a0') in 0.001125 seconds 
  Import took 0.043723 seconds .

========================================================================
Received Import Request.
  Time since last request: 0.847454 seconds.
  path: Assets/BayatGames/Free Platform Game Assets/Backgrounds/New Background ( Update 1.7 )/ai
  artifactKey: Guid(35b1d828143a20240a294a9265a21dd2) Importer(815301076,1909f56bfc062723c751e8b465ee728b)
Start importing Assets/BayatGames/Free Platform Game Assets/Backgrounds/New Background ( Update 1.7 )/ai using Guid(35b1d828143a20240a294a9265a21dd2) Importer(815301076,1909f56bfc062723c751e8b465ee728b)  -> (artifact id: 'ee707603e35336358c4e19dbb095b2df') in 0.000986 seconds 
  Import took 0.011232 seconds .

========================================================================
Received Import Request.
  Time since last request: 0.234164 seconds.
  path: Assets/BayatGames/Free Platform Game Assets/Backgrounds/New Background ( Update 1.7 )/eps
  artifactKey: Guid(a9c25d4501a6fe144b417970d022acc8) Importer(815301076,1909f56bfc062723c751e8b465ee728b)
Start importing Assets/BayatGames/Free Platform Game Assets/Backgrounds/New Background ( Update 1.7 )/eps using Guid(a9c25d4501a6fe144b417970d022acc8) Importer(815301076,1909f56bfc062723c751e8b465ee728b)  -> (artifact id: '5d9b6d470876188610137b3094e4c7ea') in 0.001042 seconds 
  Import took 0.004435 seconds .

========================================================================
Received Import Request.
  Time since last request: 0.243403 seconds.
  path: Assets/BayatGames/Free Platform Game Assets/Backgrounds/New Background ( Update 1.7 )/png
  artifactKey: Guid(af52999b6de2b904cb879252ac7d5c61) Importer(815301076,1909f56bfc062723c751e8b465ee728b)
Start importing Assets/BayatGames/Free Platform Game Assets/Backgrounds/New Background ( Update 1.7 )/png using Guid(af52999b6de2b904cb879252ac7d5c61) Importer(815301076,1909f56bfc062723c751e8b465ee728b)  -> (artifact id: 'b506cb88acbbe44b0b9fcd6d782fe371') in 0.001062 seconds 
  Import took 0.022557 seconds .

========================================================================
Received Import Request.
  Time since last request: 0.392414 seconds.
  path: Assets/BayatGames/Free Platform Game Assets/Backgrounds/New Background ( Update 1.7 )/png/1920x1080
  artifactKey: Guid(110ec1b55ce43a04eb506d040e16ac02) Importer(815301076,1909f56bfc062723c751e8b465ee728b)
Start importing Assets/BayatGames/Free Platform Game Assets/Backgrounds/New Background ( Update 1.7 )/png/1920x1080 using Guid(110ec1b55ce43a04eb506d040e16ac02) Importer(815301076,1909f56bfc062723c751e8b465ee728b)  -> (artifact id: 'a93a2d7a434cff5b62dad247e1581eec') in 0.022318 seconds 
  Import took 0.044561 seconds .

========================================================================
Received Import Request.
  Time since last request: 0.172088 seconds.
  path: Assets/BayatGames/Free Platform Game Assets/Backgrounds/New Background ( Update 1.7 )/png/2048x1536
  artifactKey: Guid(a8b81ea11946cfc42a9790bdaaf22690) Importer(815301076,1909f56bfc062723c751e8b465ee728b)
Start importing Assets/BayatGames/Free Platform Game Assets/Backgrounds/New Background ( Update 1.7 )/png/2048x1536 using Guid(a8b81ea11946cfc42a9790bdaaf22690) Importer(815301076,1909f56bfc062723c751e8b465ee728b)  -> (artifact id: '1628e36f68b002dc8459147987a8176b') in 0.001084 seconds 
  Import took 0.018007 seconds .

========================================================================
Received Import Request.
  Time since last request: 2.013875 seconds.
  path: Assets/BayatGames/Free Platform Game Assets/Backgrounds/New Background ( Update 1.7 )/png/1920x1080/All
  artifactKey: Guid(6210792629cb6234f850911aafe64b66) Importer(815301076,1909f56bfc062723c751e8b465ee728b)
Start importing Assets/BayatGames/Free Platform Game Assets/Backgrounds/New Background ( Update 1.7 )/png/1920x1080/All using Guid(6210792629cb6234f850911aafe64b66) Importer(815301076,1909f56bfc062723c751e8b465ee728b)  -> (artifact id: '7b8754a6a4fd72d8b46fd1c3a0d0e30a') in 0.001038 seconds 
  Import took 0.004281 seconds .

========================================================================
Received Import Request.
  Time since last request: 0.198114 seconds.
  path: Assets/BayatGames/Free Platform Game Assets/Backgrounds/New Background ( Update 1.7 )/png/1920x1080/Background
  artifactKey: Guid(589cd173ba7f05d429279c020b0657bd) Importer(815301076,1909f56bfc062723c751e8b465ee728b)
Start importing Assets/BayatGames/Free Platform Game Assets/Backgrounds/New Background ( Update 1.7 )/png/1920x1080/Background using Guid(589cd173ba7f05d429279c020b0657bd) Importer(815301076,1909f56bfc062723c751e8b465ee728b)  -> (artifact id: '37177327b2d0c8b3868b5686fe363890') in 0.001078 seconds 
  Import took 0.004326 seconds .

========================================================================
Received Import Request.
  Time since last request: 0.388711 seconds.
  path: Assets/BayatGames/Free Platform Game Assets/Backgrounds/New Background ( Update 1.7 )/png/1920x1080/Background/NewBackground1920x1080.png
  artifactKey: Guid(bdfa926720788184eb23c0a9a71ec9ac) Importer(815301076,1909f56bfc062723c751e8b465ee728b)
Start importing Assets/BayatGames/Free Platform Game Assets/Backgrounds/New Background ( Update 1.7 )/png/1920x1080/Background/NewBackground1920x1080.png using Guid(bdfa926720788184eb23c0a9a71ec9ac) Importer(815301076,1909f56bfc062723c751e8b465ee728b)  -> (artifact id: '8ad233bc3c794fcac2e28536543d7807') in 0.027285 seconds 
  Import took 0.046689 seconds .

========================================================================
Received Import Request.
  Time since last request: 23.837583 seconds.
  path: Assets/BayatGames/Free Platform Game Assets/Backgrounds/New Background ( Update 1.9 )
  artifactKey: Guid(e13d7f7d20e552d42a804d51055ef51c) Importer(815301076,1909f56bfc062723c751e8b465ee728b)
Start importing Assets/BayatGames/Free Platform Game Assets/Backgrounds/New Background ( Update 1.9 ) using Guid(e13d7f7d20e552d42a804d51055ef51c) Importer(815301076,1909f56bfc062723c751e8b465ee728b)  -> (artifact id: '3ac9ee486c5a1753fcef56214b631858') in 0.001141 seconds 
  Import took 0.020818 seconds .

========================================================================
Received Import Request.
  Time since last request: 0.626903 seconds.
  path: Assets/BayatGames/Free Platform Game Assets/Backgrounds/New Background ( Update 1.9 )/png
  artifactKey: Guid(e4650a51e5b87d345aeaf8c4558cf2a0) Importer(815301076,1909f56bfc062723c751e8b465ee728b)
Start importing Assets/BayatGames/Free Platform Game Assets/Backgrounds/New Background ( Update 1.9 )/png using Guid(e4650a51e5b87d345aeaf8c4558cf2a0) Importer(815301076,1909f56bfc062723c751e8b465ee728b)  -> (artifact id: 'bf6079ddcb57be7abc8b1c57bcb597b3') in 0.001179 seconds 
  Import took 0.016286 seconds .

========================================================================
Received Import Request.
  Time since last request: 13.009381 seconds.
  path: Assets/BayatGames/Free Platform Game Assets/Backgrounds/New Background ( Update 1.7 )/png/2048x1536/All
  artifactKey: Guid(0378f12e4b1d2be45ab0083a6dad10ca) Importer(815301076,1909f56bfc062723c751e8b465ee728b)
Start importing Assets/BayatGames/Free Platform Game Assets/Backgrounds/New Background ( Update 1.7 )/png/2048x1536/All using Guid(0378f12e4b1d2be45ab0083a6dad10ca) Importer(815301076,1909f56bfc062723c751e8b465ee728b)  -> (artifact id: '9864eaab00eb36432744287fd4439997') in 0.001115 seconds 
  Import took 0.021310 seconds .

========================================================================
Received Import Request.
  Time since last request: 0.256322 seconds.
  path: Assets/BayatGames/Free Platform Game Assets/Backgrounds/New Background ( Update 1.7 )/png/2048x1536/Background
  artifactKey: Guid(fbcb30b80bde0644aadf4018ae924429) Importer(815301076,1909f56bfc062723c751e8b465ee728b)
Start importing Assets/BayatGames/Free Platform Game Assets/Backgrounds/New Background ( Update 1.7 )/png/2048x1536/Background using Guid(fbcb30b80bde0644aadf4018ae924429) Importer(815301076,1909f56bfc062723c751e8b465ee728b)  -> (artifact id: '9329a8cb03c7acb598cc27cfc46213e0') in 0.001146 seconds 
  Import took 0.020429 seconds .

========================================================================
Received Import Request.
  Time since last request: 0.982407 seconds.
  path: Assets/BayatGames/Free Platform Game Assets/Backgrounds/New Background ( Update 1.7 )/png/2048x1536/All/Hills_1.png
  artifactKey: Guid(005e81849f522fd479b7662f6fc48298) Importer(815301076,1909f56bfc062723c751e8b465ee728b)
Start importing Assets/BayatGames/Free Platform Game Assets/Backgrounds/New Background ( Update 1.7 )/png/2048x1536/All/Hills_1.png using Guid(005e81849f522fd479b7662f6fc48298) Importer(815301076,1909f56bfc062723c751e8b465ee728b)  -> (artifact id: '1ec547a5a50bc8ef5903d31b098ec176') in 0.015218 seconds 
  Import took 0.018891 seconds .

========================================================================
Received Import Request.
  Time since last request: 0.398144 seconds.
  path: Assets/BayatGames/Free Platform Game Assets/Backgrounds/New Background ( Update 1.7 )/png/2048x1536/All/Hills_2.png
  artifactKey: Guid(6d6b4ccfa4f877d489ed08d4d8ad19d2) Importer(815301076,1909f56bfc062723c751e8b465ee728b)
Start importing Assets/BayatGames/Free Platform Game Assets/Backgrounds/New Background ( Update 1.7 )/png/2048x1536/All/Hills_2.png using Guid(6d6b4ccfa4f877d489ed08d4d8ad19d2) Importer(815301076,1909f56bfc062723c751e8b465ee728b)  -> (artifact id: 'a1109d0d20d72db3f7ee17a86c020ed4') in 0.008729 seconds 
  Import took 0.011764 seconds .

========================================================================
Received Import Request.
  Time since last request: 0.085632 seconds.
  path: Assets/BayatGames/Free Platform Game Assets/Backgrounds/New Background ( Update 1.7 )/png/2048x1536/All/Mountain.png
  artifactKey: Guid(d8d8eaa53248ca34bba279b2ebb88d0a) Importer(815301076,1909f56bfc062723c751e8b465ee728b)
Start importing Assets/BayatGames/Free Platform Game Assets/Backgrounds/New Background ( Update 1.7 )/png/2048x1536/All/Mountain.png using Guid(d8d8eaa53248ca34bba279b2ebb88d0a) Importer(815301076,1909f56bfc062723c751e8b465ee728b)  -> (artifact id: 'ef6c620ff9e555a9447ac6bbf2fba73c') in 0.010892 seconds 
  Import took 0.027302 seconds .

========================================================================
Received Import Request.
  Time since last request: 6.950191 seconds.
  path: Assets/BayatGames/Free Platform Game Assets/Backgrounds/New Background ( Update 1.7 )/png/2048x1536/Background/NewBackground2048x1536.png
  artifactKey: Guid(1fca858e6a4b42b4e89903d4daa662c7) Importer(815301076,1909f56bfc062723c751e8b465ee728b)
Start importing Assets/BayatGames/Free Platform Game Assets/Backgrounds/New Background ( Update 1.7 )/png/2048x1536/Background/NewBackground2048x1536.png using Guid(1fca858e6a4b42b4e89903d4daa662c7) Importer(815301076,1909f56bfc062723c751e8b465ee728b)  -> (artifact id: '39398875365b299aeaac3daaf6ecee44') in 0.037309 seconds 
  Import took 0.049339 seconds .

========================================================================
Received Import Request.
  Time since last request: 24.714466 seconds.
  path: Assets/BayatGames/Free Platform Game Assets/Backgrounds/New Background ( Update 1.9 )/png/1920x1080
  artifactKey: Guid(2986e2c26b953d047bbcca15275f2da5) Importer(815301076,1909f56bfc062723c751e8b465ee728b)
Start importing Assets/BayatGames/Free Platform Game Assets/Backgrounds/New Background ( Update 1.9 )/png/1920x1080 using Guid(2986e2c26b953d047bbcca15275f2da5) Importer(815301076,1909f56bfc062723c751e8b465ee728b)  -> (artifact id: 'cd576d20238d2798b4bd40c40bf812fb') in 0.001232 seconds 
  Import took 0.005337 seconds .

========================================================================
Received Import Request.
  Time since last request: 2.415909 seconds.
  path: Assets/BayatGames/Free Platform Game Assets/Backgrounds/New Background ( Update 1.9 )/png/2048x1024
  artifactKey: Guid(7c71e2ce1efafe147805a071f066eef2) Importer(815301076,1909f56bfc062723c751e8b465ee728b)
Start importing Assets/BayatGames/Free Platform Game Assets/Backgrounds/New Background ( Update 1.9 )/png/2048x1024 using Guid(7c71e2ce1efafe147805a071f066eef2) Importer(815301076,1909f56bfc062723c751e8b465ee728b)  -> (artifact id: '783a5f78570538e0b2151f421d78ed85') in 0.001047 seconds 
  Import took 0.004173 seconds .

========================================================================
Received Import Request.
  Time since last request: 1.035622 seconds.
  path: Assets/BayatGames/Free Platform Game Assets/Backgrounds/New Background ( Update 1.9 )/png/2048x1024/all
  artifactKey: Guid(da53f7d95c652c445b0c427216b3465b) Importer(815301076,1909f56bfc062723c751e8b465ee728b)
Start importing Assets/BayatGames/Free Platform Game Assets/Backgrounds/New Background ( Update 1.9 )/png/2048x1024/all using Guid(da53f7d95c652c445b0c427216b3465b) Importer(815301076,1909f56bfc062723c751e8b465ee728b)  -> (artifact id: '5801b5c92c89086fa0a24cca70a84f0a') in 0.001098 seconds 
  Import took 0.023622 seconds .

========================================================================
Received Import Request.
  Time since last request: 0.167852 seconds.
  path: Assets/BayatGames/Free Platform Game Assets/Backgrounds/New Background ( Update 1.9 )/png/2048x1024/backgraound
  artifactKey: Guid(e50d86f5bc1638340a8ab6f07ab9be2a) Importer(815301076,1909f56bfc062723c751e8b465ee728b)
Start importing Assets/BayatGames/Free Platform Game Assets/Backgrounds/New Background ( Update 1.9 )/png/2048x1024/backgraound using Guid(e50d86f5bc1638340a8ab6f07ab9be2a) Importer(815301076,1909f56bfc062723c751e8b465ee728b)  -> (artifact id: '5a04209446576fd185d66cb4056144f6') in 0.001076 seconds 
  Import took 0.008326 seconds .

========================================================================
Received Import Request.
  Time since last request: 1.568511 seconds.
  path: Assets/BayatGames/Free Platform Game Assets/Backgrounds/New Background ( Update 1.9 )/png/2048x1024/backgraound/NewBackgraound 2048x1024 (2).png
  artifactKey: Guid(19d733bea3ea2de40bf6d0cfae1ed07b) Importer(815301076,1909f56bfc062723c751e8b465ee728b)
Start importing Assets/BayatGames/Free Platform Game Assets/Backgrounds/New Background ( Update 1.9 )/png/2048x1024/backgraound/NewBackgraound 2048x1024 (2).png using Guid(19d733bea3ea2de40bf6d0cfae1ed07b) Importer(815301076,1909f56bfc062723c751e8b465ee728b)  -> (artifact id: '11b87495b1c47b3a7c58f4cf7e3b59ef') in 0.008604 seconds 
  Import took 0.029555 seconds .

========================================================================
Received Import Request.
  Time since last request: 5.009524 seconds.
  path: Assets/BayatGames/Free Platform Game Assets/Backgrounds/New Background ( Update 1.9 )/png/2048x1024/backgraound/NewBackgraound 2048x1024.png
  artifactKey: Guid(05c7388edd668bf4e99a771d2331e75c) Importer(815301076,1909f56bfc062723c751e8b465ee728b)
Start importing Assets/BayatGames/Free Platform Game Assets/Backgrounds/New Background ( Update 1.9 )/png/2048x1024/backgraound/NewBackgraound 2048x1024.png using Guid(05c7388edd668bf4e99a771d2331e75c) Importer(815301076,1909f56bfc062723c751e8b465ee728b)  -> (artifact id: 'f6498fafa7087cf50ef4524481e53bd8') in 0.008032 seconds 
  Import took 0.035797 seconds .

========================================================================
Received Import Request.
  Time since last request: 20.516656 seconds.
  path: Assets/BayatGames/Free Platform Game Assets/Backgrounds/New Background ( Update 1.9 )/png/1920x1080/all
  artifactKey: Guid(5aa071ceb2d29784092f173dcd64d3e3) Importer(815301076,1909f56bfc062723c751e8b465ee728b)
Start importing Assets/BayatGames/Free Platform Game Assets/Backgrounds/New Background ( Update 1.9 )/png/1920x1080/all using Guid(5aa071ceb2d29784092f173dcd64d3e3) Importer(815301076,1909f56bfc062723c751e8b465ee728b)  -> (artifact id: '0648d1ec38d63cada1bdcaebce5230e6') in 0.001161 seconds 
  Import took 0.017090 seconds .

========================================================================
Received Import Request.
  Time since last request: 0.646480 seconds.
  path: Assets/BayatGames/Free Platform Game Assets/Backgrounds/New Background ( Update 1.9 )/png/1920x1080/background
  artifactKey: Guid(8923112665f59a84cb1f6ee07cebff1a) Importer(815301076,1909f56bfc062723c751e8b465ee728b)
Start importing Assets/BayatGames/Free Platform Game Assets/Backgrounds/New Background ( Update 1.9 )/png/1920x1080/background using Guid(8923112665f59a84cb1f6ee07cebff1a) Importer(815301076,1909f56bfc062723c751e8b465ee728b)  -> (artifact id: '70157fe3de4ec0c1a9f95f9e07e9062f') in 0.001138 seconds 
  Import took 0.004276 seconds .

========================================================================
Received Import Request.
  Time since last request: 0.820312 seconds.
  path: Assets/BayatGames/Free Platform Game Assets/Backgrounds/New Background ( Update 1.9 )/png/1920x1080/background/NewBackgraound 1920x1080 (2).png
  artifactKey: Guid(b165ec2539a23044ca486a2248259c5e) Importer(815301076,1909f56bfc062723c751e8b465ee728b)
Start importing Assets/BayatGames/Free Platform Game Assets/Backgrounds/New Background ( Update 1.9 )/png/1920x1080/background/NewBackgraound 1920x1080 (2).png using Guid(b165ec2539a23044ca486a2248259c5e) Importer(815301076,1909f56bfc062723c751e8b465ee728b)  -> (artifact id: 'eccd7a7689718bed81cdba192b99e22f') in 0.009907 seconds 
  Import took 0.030664 seconds .

========================================================================
Received Import Request.
  Time since last request: 56.146847 seconds.
  path: Assets/BayatGames/Free Platform Game Assets/Chests/Chest
  artifactKey: Guid(05c7ff58488e64a44bcc285c163fee22) Importer(815301076,1909f56bfc062723c751e8b465ee728b)
Start importing Assets/BayatGames/Free Platform Game Assets/Chests/Chest using Guid(05c7ff58488e64a44bcc285c163fee22) Importer(815301076,1909f56bfc062723c751e8b465ee728b)  -> (artifact id: 'ccb516acfa46cc3b59f33c2b1769303a') in 0.001125 seconds 
  Import took 0.063902 seconds .

========================================================================
Received Import Request.
  Time since last request: 1.174634 seconds.
  path: Assets/BayatGames/Free Platform Game Assets/Chests/New Chests ( Update 1.8.5 )
  artifactKey: Guid(8f4bdb449d61aae42a0f9db10a3ceef9) Importer(815301076,1909f56bfc062723c751e8b465ee728b)
Start importing Assets/BayatGames/Free Platform Game Assets/Chests/New Chests ( Update 1.8.5 ) using Guid(8f4bdb449d61aae42a0f9db10a3ceef9) Importer(815301076,1909f56bfc062723c751e8b465ee728b)  -> (artifact id: 'b79843f71a2e0545bc140363a4b6a735') in 0.001104 seconds 
  Import took 0.004087 seconds .

========================================================================
Received Import Request.
  Time since last request: 0.642843 seconds.
  path: Assets/BayatGames/Free Platform Game Assets/Chests/New Chests ( Update 1.8.5 )/ai
  artifactKey: Guid(0627948d66a4b9f46ae4253f44f0cb68) Importer(815301076,1909f56bfc062723c751e8b465ee728b)
Start importing Assets/BayatGames/Free Platform Game Assets/Chests/New Chests ( Update 1.8.5 )/ai using Guid(0627948d66a4b9f46ae4253f44f0cb68) Importer(815301076,1909f56bfc062723c751e8b465ee728b)  -> (artifact id: 'e63a8c482cf467b4a17b6559cd903a71') in 0.000958 seconds 
  Import took 0.017836 seconds .

========================================================================
Received Import Request.
  Time since last request: 0.182295 seconds.
  path: Assets/BayatGames/Free Platform Game Assets/Chests/New Chests ( Update 1.8.5 )/eps
  artifactKey: Guid(06cd6983a096343419dcbdaf827201eb) Importer(815301076,1909f56bfc062723c751e8b465ee728b)
Start importing Assets/BayatGames/Free Platform Game Assets/Chests/New Chests ( Update 1.8.5 )/eps using Guid(06cd6983a096343419dcbdaf827201eb) Importer(815301076,1909f56bfc062723c751e8b465ee728b)  -> (artifact id: '40475be3e407d637293611782d1775a7') in 0.000913 seconds 
  Import took 0.013348 seconds .

========================================================================
Received Import Request.
  Time since last request: 0.130546 seconds.
  path: Assets/BayatGames/Free Platform Game Assets/Chests/New Chests ( Update 1.8.5 )/png
  artifactKey: Guid(acd1215dadc107e47bc401af58aaf075) Importer(815301076,1909f56bfc062723c751e8b465ee728b)
Start importing Assets/BayatGames/Free Platform Game Assets/Chests/New Chests ( Update 1.8.5 )/png using Guid(acd1215dadc107e47bc401af58aaf075) Importer(815301076,1909f56bfc062723c751e8b465ee728b)  -> (artifact id: '5033c92bf8d7f49ac93123bf9a649931') in 0.000944 seconds 
  Import took 0.004062 seconds .

========================================================================
Received Import Request.
  Time since last request: 0.426707 seconds.
  path: Assets/BayatGames/Free Platform Game Assets/Chests/New Chests ( Update 1.8.5 )/png/Separate
  artifactKey: Guid(7b9761fb71d67ac45bd0e432cc1e1f73) Importer(815301076,1909f56bfc062723c751e8b465ee728b)
Start importing Assets/BayatGames/Free Platform Game Assets/Chests/New Chests ( Update 1.8.5 )/png/Separate using Guid(7b9761fb71d67ac45bd0e432cc1e1f73) Importer(815301076,1909f56bfc062723c751e8b465ee728b)  -> (artifact id: 'f5a4fb63b972ce15a4c58358e60d480a') in 0.001196 seconds 
  Import took 0.007779 seconds .

========================================================================
Received Import Request.
  Time since last request: 5.049557 seconds.
  path: Assets/BayatGames/Free Platform Game Assets/Chests/New Chests ( Update 1.8.5 )/png/Sheets
  artifactKey: Guid(2d8c2a2bf5deee344ac42e79d05e3863) Importer(815301076,1909f56bfc062723c751e8b465ee728b)
Start importing Assets/BayatGames/Free Platform Game Assets/Chests/New Chests ( Update 1.8.5 )/png/Sheets using Guid(2d8c2a2bf5deee344ac42e79d05e3863) Importer(815301076,1909f56bfc062723c751e8b465ee728b)  -> (artifact id: '125f9a6b3d1a4938509fef18885cdce8') in 0.001151 seconds 
  Import took 0.012026 seconds .

========================================================================
Received Import Request.
  Time since last request: 10.779635 seconds.
  path: Assets/BayatGames/Free Platform Game Assets/Chests/New Chests ( Update 1.8.5 )/png/Sliced
  artifactKey: Guid(5e752bb2f24c0214589458f577d65088) Importer(815301076,1909f56bfc062723c751e8b465ee728b)
Start importing Assets/BayatGames/Free Platform Game Assets/Chests/New Chests ( Update 1.8.5 )/png/Sliced using Guid(5e752bb2f24c0214589458f577d65088) Importer(815301076,1909f56bfc062723c751e8b465ee728b)  -> (artifact id: 'f0f30fc029fe563cf98d8b0e1a0c10f3') in 0.001114 seconds 
  Import took 0.018389 seconds .

========================================================================
Received Import Request.
  Time since last request: 0.613215 seconds.
  path: Assets/BayatGames/Free Platform Game Assets/Chests/New Chests ( Update 1.8.5 )/png/Sliced/Model-1
  artifactKey: Guid(9cd2ebf95a08caa42bd53430cec37dee) Importer(815301076,1909f56bfc062723c751e8b465ee728b)
Start importing Assets/BayatGames/Free Platform Game Assets/Chests/New Chests ( Update 1.8.5 )/png/Sliced/Model-1 using Guid(9cd2ebf95a08caa42bd53430cec37dee) Importer(815301076,1909f56bfc062723c751e8b465ee728b)  -> (artifact id: 'c6beb1a7c863881392bdcbf39baef7cb') in 0.001410 seconds 
  Import took 0.007832 seconds .

========================================================================
Received Import Request.
  Time since last request: 0.520325 seconds.
  path: Assets/BayatGames/Free Platform Game Assets/Chests/New Chests ( Update 1.8.5 )/png/Sliced/Model-1/1x
  artifactKey: Guid(ed2ecc59be223ff4d9c295ca5a21ff9e) Importer(815301076,1909f56bfc062723c751e8b465ee728b)
Start importing Assets/BayatGames/Free Platform Game Assets/Chests/New Chests ( Update 1.8.5 )/png/Sliced/Model-1/1x using Guid(ed2ecc59be223ff4d9c295ca5a21ff9e) Importer(815301076,1909f56bfc062723c751e8b465ee728b)  -> (artifact id: '7b7c295f7f233462de0b36177bdff916') in 0.001146 seconds 
  Import took 0.004217 seconds .

========================================================================
Received Import Request.
  Time since last request: 0.179910 seconds.
  path: Assets/BayatGames/Free Platform Game Assets/Chests/New Chests ( Update 1.8.5 )/png/Sliced/Model-1/2x
  artifactKey: Guid(efe2a5900edde844db85cd839f10304a) Importer(815301076,1909f56bfc062723c751e8b465ee728b)
Start importing Assets/BayatGames/Free Platform Game Assets/Chests/New Chests ( Update 1.8.5 )/png/Sliced/Model-1/2x using Guid(efe2a5900edde844db85cd839f10304a) Importer(815301076,1909f56bfc062723c751e8b465ee728b)  -> (artifact id: 'e58a94c0adfe67321631bbcb2c896fdf') in 0.001054 seconds 
  Import took 0.010613 seconds .

========================================================================
Received Import Request.
  Time since last request: 1.766420 seconds.
  path: Assets/BayatGames/Free Platform Game Assets/Chests/New Chests ( Update 1.8.5 )/png/Sliced/Model-1/4x
  artifactKey: Guid(ba4baa7aa9cc99844aa14a2c13cfd054) Importer(815301076,1909f56bfc062723c751e8b465ee728b)
Start importing Assets/BayatGames/Free Platform Game Assets/Chests/New Chests ( Update 1.8.5 )/png/Sliced/Model-1/4x using Guid(ba4baa7aa9cc99844aa14a2c13cfd054) Importer(815301076,1909f56bfc062723c751e8b465ee728b)  -> (artifact id: '179a4effb8aa85c883bc272703e37d43') in 0.001028 seconds 
  Import took 0.010151 seconds .

